[0.008s] Invoking command in '/home/robot/project_ws/src/build/project_robot': CMAKE_PREFIX_PATH=/opt/ros/humble /usr/bin/cmake /home/robot/project_ws/src/project_robot -DAMENT_CMAKE_SYMLINK_INSTALL=1 -DCMAKE_INSTALL_PREFIX=/home/robot/project_ws/src/install/project_robot
[0.076s] -- The C compiler identification is GNU 11.4.0
[0.152s] -- The CXX compiler identification is GNU 11.4.0
[0.159s] -- Detecting C compiler ABI info
[0.213s] -- Detecting C compiler ABI info - done
[0.220s] -- Check for working C compiler: /usr/bin/cc - skipped
[0.221s] -- Detecting C compile features
[0.221s] -- Detecting C compile features - done
[0.224s] -- Detecting CXX compiler ABI info
[0.293s] -- Detecting CXX compiler ABI info - done
[0.300s] -- Check for working CXX compiler: /usr/bin/c++ - skipped
[0.301s] -- Detecting CXX compile features
[0.301s] -- Detecting CXX compile features - done
[0.304s] -- Found ament_cmake: 1.3.8 (/opt/ros/humble/share/ament_cmake/cmake)
[0.426s] -- Found Python3: /usr/bin/python3 (found version "3.10.12") found components: Interpreter 
[0.477s] -- Override CMake install command with custom implementation using symlinks instead of copying resources
[0.570s] -- Found ament_lint_auto: 0.12.10 (/opt/ros/humble/share/ament_lint_auto/cmake)
[0.661s] -- Added test 'copyright' to check source files copyright and LICENSE
[0.666s] -- Added test 'flake8' to check Python code syntax and style conventions
[0.666s] -- Added test 'lint_cmake' to check CMake code style
[0.667s] -- Added test 'pep257' to check Python code against some of the docstring style conventions in PEP 257
[0.669s] -- Added test 'xmllint' to check XML markup files
[0.671s] -- Configuring done
[0.673s] -- Generating done
[0.673s] -- Build files have been written to: /home/robot/project_ws/src/build/project_robot
[0.677s] Invoked command in '/home/robot/project_ws/src/build/project_robot' returned '0': CMAKE_PREFIX_PATH=/opt/ros/humble /usr/bin/cmake /home/robot/project_ws/src/project_robot -DAMENT_CMAKE_SYMLINK_INSTALL=1 -DCMAKE_INSTALL_PREFIX=/home/robot/project_ws/src/install/project_robot
[0.679s] Invoking command in '/home/robot/project_ws/src/build/project_robot': CMAKE_PREFIX_PATH=/opt/ros/humble /usr/bin/cmake --build /home/robot/project_ws/src/build/project_robot -- -j12 -l12
[0.706s] Invoked command in '/home/robot/project_ws/src/build/project_robot' returned '0': CMAKE_PREFIX_PATH=/opt/ros/humble /usr/bin/cmake --build /home/robot/project_ws/src/build/project_robot -- -j12 -l12
[0.728s] Invoking command in '/home/robot/project_ws/src/build/project_robot': CMAKE_PREFIX_PATH=/opt/ros/humble /usr/bin/cmake --install /home/robot/project_ws/src/build/project_robot
[0.733s] -- Install configuration: ""
[0.733s] -- Execute custom install script
[0.734s] -- Symlinking: /home/robot/project_ws/src/install/project_robot/share/project_robot/config/empty.yaml
[0.741s] -- Symlinking: /home/robot/project_ws/src/install/project_robot/share/project_robot/description/robot.urdf.xacro
[0.748s] -- Symlinking: /home/robot/project_ws/src/install/project_robot/share/project_robot/description/robot_core.xacro
[0.755s] -- Symlinking: /home/robot/project_ws/src/install/project_robot/share/project_robot/launch/rsp.launch.py
[0.762s] -- Symlinking: /home/robot/project_ws/src/install/project_robot/share/project_robot/worlds/empty.world
[0.769s] -- Symlinking: /home/robot/project_ws/src/install/project_robot/share/ament_index/resource_index/package_run_dependencies/project_robot
[0.776s] -- Symlinking: /home/robot/project_ws/src/install/project_robot/share/ament_index/resource_index/parent_prefix_path/project_robot
[0.783s] -- Symlinking: /home/robot/project_ws/src/install/project_robot/share/project_robot/environment/ament_prefix_path.sh
[0.790s] -- Symlinking: /home/robot/project_ws/src/install/project_robot/share/project_robot/environment/ament_prefix_path.dsv
[0.796s] -- Symlinking: /home/robot/project_ws/src/install/project_robot/share/project_robot/environment/path.sh
[0.804s] -- Symlinking: /home/robot/project_ws/src/install/project_robot/share/project_robot/environment/path.dsv
[0.811s] -- Symlinking: /home/robot/project_ws/src/install/project_robot/share/project_robot/local_setup.bash
[0.818s] -- Symlinking: /home/robot/project_ws/src/install/project_robot/share/project_robot/local_setup.sh
[0.825s] -- Symlinking: /home/robot/project_ws/src/install/project_robot/share/project_robot/local_setup.zsh
[0.832s] -- Symlinking: /home/robot/project_ws/src/install/project_robot/share/project_robot/local_setup.dsv
[0.839s] -- Symlinking: /home/robot/project_ws/src/install/project_robot/share/project_robot/package.dsv
[0.845s] -- Symlinking: /home/robot/project_ws/src/install/project_robot/share/ament_index/resource_index/packages/project_robot
[0.851s] -- Symlinking: /home/robot/project_ws/src/install/project_robot/share/project_robot/cmake/project_robotConfig.cmake
[0.858s] -- Symlinking: /home/robot/project_ws/src/install/project_robot/share/project_robot/cmake/project_robotConfig-version.cmake
[0.864s] -- Symlinking: /home/robot/project_ws/src/install/project_robot/share/project_robot/package.xml
[0.872s] Invoked command in '/home/robot/project_ws/src/build/project_robot' returned '0': CMAKE_PREFIX_PATH=/opt/ros/humble /usr/bin/cmake --install /home/robot/project_ws/src/build/project_robot
