[0.007s] Invoking command in '/home/robot/project_ws/build/project_robot': CMAKE_PREFIX_PATH=/opt/ros/humble /usr/bin/cmake /home/robot/project_ws/src/project_robot -DAMENT_CMAKE_SYMLINK_INSTALL=1 -DCMAKE_INSTALL_PREFIX=/home/robot/project_ws/install/project_robot
[0.050s] -- The C compiler identification is GNU 11.4.0
[0.095s] -- The CXX compiler identification is GNU 11.4.0
[0.101s] -- Detecting C compiler ABI info
[0.154s] -- Detecting C compiler ABI info - done
[0.161s] -- Check for working C compiler: /usr/bin/cc - skipped
[0.161s] -- Detecting C compile features
[0.161s] -- Detecting C compile features - done
[0.164s] -- Detecting CXX compiler ABI info
[0.228s] -- Detecting CXX compiler ABI info - done
[0.235s] -- Check for working CXX compiler: /usr/bin/c++ - skipped
[0.235s] -- Detecting CXX compile features
[0.235s] -- Detecting CXX compile features - done
[0.237s] -- Found ament_cmake: 1.3.8 (/opt/ros/humble/share/ament_cmake/cmake)
[0.359s] -- Found Python3: /usr/bin/python3 (found version "3.10.12") found components: Interpreter 
[0.410s] -- Override CMake install command with custom implementation using symlinks instead of copying resources
[0.429s] -- Found ament_lint_auto: 0.12.10 (/opt/ros/humble/share/ament_lint_auto/cmake)
[0.494s] -- Added test 'copyright' to check source files copyright and LICENSE
[0.498s] -- Added test 'flake8' to check Python code syntax and style conventions
[0.499s] -- Added test 'lint_cmake' to check CMake code style
[0.500s] -- Added test 'pep257' to check Python code against some of the docstring style conventions in PEP 257
[0.502s] -- Added test 'xmllint' to check XML markup files
[0.503s] -- Configuring done
[0.505s] -- Generating done
[0.505s] -- Build files have been written to: /home/robot/project_ws/build/project_robot
[0.510s] Invoked command in '/home/robot/project_ws/build/project_robot' returned '0': CMAKE_PREFIX_PATH=/opt/ros/humble /usr/bin/cmake /home/robot/project_ws/src/project_robot -DAMENT_CMAKE_SYMLINK_INSTALL=1 -DCMAKE_INSTALL_PREFIX=/home/robot/project_ws/install/project_robot
[0.512s] Invoking command in '/home/robot/project_ws/build/project_robot': CMAKE_PREFIX_PATH=/opt/ros/humble /usr/bin/cmake --build /home/robot/project_ws/build/project_robot -- -j12 -l12
[0.542s] Invoked command in '/home/robot/project_ws/build/project_robot' returned '0': CMAKE_PREFIX_PATH=/opt/ros/humble /usr/bin/cmake --build /home/robot/project_ws/build/project_robot -- -j12 -l12
[0.565s] Invoking command in '/home/robot/project_ws/build/project_robot': CMAKE_PREFIX_PATH=/opt/ros/humble /usr/bin/cmake --install /home/robot/project_ws/build/project_robot
[0.570s] -- Install configuration: ""
[0.571s] -- Execute custom install script
[0.571s] -- Symlinking: /home/robot/project_ws/install/project_robot/share/project_robot/config/empty.yaml
[0.578s] -- Symlinking: /home/robot/project_ws/install/project_robot/share/project_robot/description/robot.urdf.xacro
[0.585s] -- Symlinking: /home/robot/project_ws/install/project_robot/share/project_robot/launch/rsp.launch.py
[0.592s] -- Symlinking: /home/robot/project_ws/install/project_robot/share/project_robot/worlds/empty.world
[0.599s] -- Symlinking: /home/robot/project_ws/install/project_robot/share/ament_index/resource_index/package_run_dependencies/project_robot
[0.606s] -- Symlinking: /home/robot/project_ws/install/project_robot/share/ament_index/resource_index/parent_prefix_path/project_robot
[0.614s] -- Symlinking: /home/robot/project_ws/install/project_robot/share/project_robot/environment/ament_prefix_path.sh
[0.621s] -- Symlinking: /home/robot/project_ws/install/project_robot/share/project_robot/environment/ament_prefix_path.dsv
[0.630s] -- Symlinking: /home/robot/project_ws/install/project_robot/share/project_robot/environment/path.sh
[0.636s] -- Symlinking: /home/robot/project_ws/install/project_robot/share/project_robot/environment/path.dsv
[0.643s] -- Symlinking: /home/robot/project_ws/install/project_robot/share/project_robot/local_setup.bash
[0.652s] -- Symlinking: /home/robot/project_ws/install/project_robot/share/project_robot/local_setup.sh
[0.659s] -- Symlinking: /home/robot/project_ws/install/project_robot/share/project_robot/local_setup.zsh
[0.667s] -- Symlinking: /home/robot/project_ws/install/project_robot/share/project_robot/local_setup.dsv
[0.673s] -- Symlinking: /home/robot/project_ws/install/project_robot/share/project_robot/package.dsv
[0.681s] -- Symlinking: /home/robot/project_ws/install/project_robot/share/ament_index/resource_index/packages/project_robot
[0.688s] -- Symlinking: /home/robot/project_ws/install/project_robot/share/project_robot/cmake/project_robotConfig.cmake
[0.695s] -- Symlinking: /home/robot/project_ws/install/project_robot/share/project_robot/cmake/project_robotConfig-version.cmake
[0.702s] -- Symlinking: /home/robot/project_ws/install/project_robot/share/project_robot/package.xml
[0.711s] Invoked command in '/home/robot/project_ws/build/project_robot' returned '0': CMAKE_PREFIX_PATH=/opt/ros/humble /usr/bin/cmake --install /home/robot/project_ws/build/project_robot
