[0.008s] Invoking command in '/home/robot/project_ws/src/build/project_robot': CMAKE_PREFIX_PATH=/opt/ros/humble /usr/bin/cmake /home/robot/project_ws/src/project_robot -DCMAKE_INSTALL_PREFIX=/home/robot/project_ws/src/install/project_robot
[0.023s] -- Found ament_cmake: 1.3.9 (/opt/ros/humble/share/ament_cmake/cmake)
[0.120s] -- Override CMake install command with custom implementation using symlinks instead of copying resources
[0.182s] -- Found ament_lint_auto: 0.12.11 (/opt/ros/humble/share/ament_lint_auto/cmake)
[0.283s] -- Added test 'copyright' to check source files copyright and LICENSE
[0.290s] -- Added test 'cppcheck' to perform static code analysis on C / C++ code
[0.291s] -- Configured cppcheck include dirs: 
[0.291s] -- Configured cppcheck exclude dirs and/or files: 
[0.298s] -- Added test 'cpplint' to check C / C++ code against the Google style
[0.298s] -- Configured cpplint exclude dirs and/or files: 
[0.299s] -- Added test 'flake8' to check Python code syntax and style conventions
[0.301s] -- Added test 'lint_cmake' to check CMake code style
[0.302s] -- Added test 'pep257' to check Python code against some of the docstring style conventions in PEP 257
[0.309s] -- Added test 'uncrustify' to check C / C++ code style
[0.309s] -- Configured uncrustify additional arguments: 
[0.311s] -- Added test 'xmllint' to check XML markup files
[0.312s] -- Configuring done
[0.316s] -- Generating done
[0.316s] -- Build files have been written to: /home/robot/project_ws/src/build/project_robot
[0.320s] Invoked command in '/home/robot/project_ws/src/build/project_robot' returned '0': CMAKE_PREFIX_PATH=/opt/ros/humble /usr/bin/cmake /home/robot/project_ws/src/project_robot -DCMAKE_INSTALL_PREFIX=/home/robot/project_ws/src/install/project_robot
[0.320s] Invoking command in '/home/robot/project_ws/src/build/project_robot': CMAKE_PREFIX_PATH=/opt/ros/humble /usr/bin/cmake --build /home/robot/project_ws/src/build/project_robot -- -j12 -l12
[0.349s] Invoked command in '/home/robot/project_ws/src/build/project_robot' returned '0': CMAKE_PREFIX_PATH=/opt/ros/humble /usr/bin/cmake --build /home/robot/project_ws/src/build/project_robot -- -j12 -l12
[0.371s] Invoking command in '/home/robot/project_ws/src/build/project_robot': CMAKE_PREFIX_PATH=/opt/ros/humble /usr/bin/cmake --install /home/robot/project_ws/src/build/project_robot
[0.377s] -- Install configuration: ""
[0.377s] -- Execute custom install script
[0.377s] -- Up-to-date symlink: /home/robot/project_ws/src/install/project_robot/share/project_robot/config/empty.yaml
[0.378s] -- Up-to-date symlink: /home/robot/project_ws/src/install/project_robot/share/project_robot/description/robot.urdf.xacro
[0.378s] -- Up-to-date symlink: /home/robot/project_ws/src/install/project_robot/share/project_robot/description/robot_core.xacro
[0.378s] -- Up-to-date symlink: /home/robot/project_ws/src/install/project_robot/share/project_robot/launch/rsp.launch.py
[0.378s] -- Up-to-date symlink: /home/robot/project_ws/src/install/project_robot/share/project_robot/worlds/empty.world
[0.378s] -- Up-to-date symlink: /home/robot/project_ws/src/install/project_robot/share/ament_index/resource_index/package_run_dependencies/project_robot
[0.378s] -- Up-to-date symlink: /home/robot/project_ws/src/install/project_robot/share/ament_index/resource_index/parent_prefix_path/project_robot
[0.379s] -- Up-to-date symlink: /home/robot/project_ws/src/install/project_robot/share/project_robot/environment/ament_prefix_path.sh
[0.379s] -- Up-to-date symlink: /home/robot/project_ws/src/install/project_robot/share/project_robot/environment/ament_prefix_path.dsv
[0.379s] -- Up-to-date symlink: /home/robot/project_ws/src/install/project_robot/share/project_robot/environment/path.sh
[0.379s] -- Up-to-date symlink: /home/robot/project_ws/src/install/project_robot/share/project_robot/environment/path.dsv
[0.379s] -- Up-to-date symlink: /home/robot/project_ws/src/install/project_robot/share/project_robot/local_setup.bash
[0.379s] -- Up-to-date symlink: /home/robot/project_ws/src/install/project_robot/share/project_robot/local_setup.sh
[0.379s] -- Up-to-date symlink: /home/robot/project_ws/src/install/project_robot/share/project_robot/local_setup.zsh
[0.380s] -- Up-to-date symlink: /home/robot/project_ws/src/install/project_robot/share/project_robot/local_setup.dsv
[0.380s] -- Symlinking: /home/robot/project_ws/src/install/project_robot/share/project_robot/package.dsv
[0.386s] -- Up-to-date symlink: /home/robot/project_ws/src/install/project_robot/share/ament_index/resource_index/packages/project_robot
[0.386s] -- Up-to-date symlink: /home/robot/project_ws/src/install/project_robot/share/project_robot/cmake/project_robotConfig.cmake
[0.386s] -- Up-to-date symlink: /home/robot/project_ws/src/install/project_robot/share/project_robot/cmake/project_robotConfig-version.cmake
[0.387s] -- Up-to-date symlink: /home/robot/project_ws/src/install/project_robot/share/project_robot/package.xml
[0.388s] Invoked command in '/home/robot/project_ws/src/build/project_robot' returned '0': CMAKE_PREFIX_PATH=/opt/ros/humble /usr/bin/cmake --install /home/robot/project_ws/src/build/project_robot
