[0.010s] Invoking command in '/home/robot/project_ws/build/project_robot': CMAKE_PREFIX_PATH=${CMAKE_PREFIX_PATH}:/opt/ros/humble /usr/bin/cmake /home/robot/project_ws/src/project_robot -DAMENT_CMAKE_SYMLINK_INSTALL=1 -DCMAKE_INSTALL_PREFIX=/home/robot/project_ws/install/project_robot
[0.022s] -- Found ament_cmake: 1.3.8 (/opt/ros/humble/share/ament_cmake/cmake)
[0.127s] -- Override CMake install command with custom implementation using symlinks instead of copying resources
[0.134s] -- Found ament_lint_auto: 0.12.10 (/opt/ros/humble/share/ament_lint_auto/cmake)
[0.198s] -- Added test 'copyright' to check source files copyright and LICENSE
[0.203s] -- Added test 'flake8' to check Python code syntax and style conventions
[0.204s] -- Added test 'lint_cmake' to check CMake code style
[0.204s] -- Added test 'pep257' to check Python code against some of the docstring style conventions in PEP 257
[0.207s] -- Added test 'xmllint' to check XML markup files
[0.208s] -- Configuring done
[0.211s] -- Generating done
[0.212s] -- Build files have been written to: /home/robot/project_ws/build/project_robot
[0.216s] Invoked command in '/home/robot/project_ws/build/project_robot' returned '0': CMAKE_PREFIX_PATH=${CMAKE_PREFIX_PATH}:/opt/ros/humble /usr/bin/cmake /home/robot/project_ws/src/project_robot -DAMENT_CMAKE_SYMLINK_INSTALL=1 -DCMAKE_INSTALL_PREFIX=/home/robot/project_ws/install/project_robot
[0.217s] Invoking command in '/home/robot/project_ws/build/project_robot': CMAKE_PREFIX_PATH=${CMAKE_PREFIX_PATH}:/opt/ros/humble /usr/bin/cmake --build /home/robot/project_ws/build/project_robot -- -j12 -l12
[0.254s] Invoked command in '/home/robot/project_ws/build/project_robot' returned '0': CMAKE_PREFIX_PATH=${CMAKE_PREFIX_PATH}:/opt/ros/humble /usr/bin/cmake --build /home/robot/project_ws/build/project_robot -- -j12 -l12
[0.283s] Invoking command in '/home/robot/project_ws/build/project_robot': CMAKE_PREFIX_PATH=${CMAKE_PREFIX_PATH}:/opt/ros/humble /usr/bin/cmake --install /home/robot/project_ws/build/project_robot
[0.292s] -- Install configuration: ""
[0.293s] -- Execute custom install script
[0.293s] -- Up-to-date symlink: /home/robot/project_ws/install/project_robot/share/project_robot/config/empty.yaml
[0.293s] -- Up-to-date symlink: /home/robot/project_ws/install/project_robot/share/project_robot/description/robot.urdf.xacro
[0.293s] -- Up-to-date symlink: /home/robot/project_ws/install/project_robot/share/project_robot/description/robot_core.xacro
[0.294s] -- Up-to-date symlink: /home/robot/project_ws/install/project_robot/share/project_robot/launch/rsp.launch.py
[0.294s] -- Up-to-date symlink: /home/robot/project_ws/install/project_robot/share/project_robot/worlds/empty.world
[0.294s] -- Up-to-date symlink: /home/robot/project_ws/install/project_robot/share/ament_index/resource_index/package_run_dependencies/project_robot
[0.295s] -- Up-to-date symlink: /home/robot/project_ws/install/project_robot/share/ament_index/resource_index/parent_prefix_path/project_robot
[0.295s] -- Up-to-date symlink: /home/robot/project_ws/install/project_robot/share/project_robot/environment/ament_prefix_path.sh
[0.295s] -- Up-to-date symlink: /home/robot/project_ws/install/project_robot/share/project_robot/environment/ament_prefix_path.dsv
[0.295s] -- Up-to-date symlink: /home/robot/project_ws/install/project_robot/share/project_robot/environment/path.sh
[0.296s] -- Up-to-date symlink: /home/robot/project_ws/install/project_robot/share/project_robot/environment/path.dsv
[0.296s] -- Up-to-date symlink: /home/robot/project_ws/install/project_robot/share/project_robot/local_setup.bash
[0.296s] -- Up-to-date symlink: /home/robot/project_ws/install/project_robot/share/project_robot/local_setup.sh
[0.296s] -- Up-to-date symlink: /home/robot/project_ws/install/project_robot/share/project_robot/local_setup.zsh
[0.296s] -- Up-to-date symlink: /home/robot/project_ws/install/project_robot/share/project_robot/local_setup.dsv
[0.296s] -- Symlinking: /home/robot/project_ws/install/project_robot/share/project_robot/package.dsv
[0.308s] -- Up-to-date symlink: /home/robot/project_ws/install/project_robot/share/ament_index/resource_index/packages/project_robot
[0.308s] -- Up-to-date symlink: /home/robot/project_ws/install/project_robot/share/project_robot/cmake/project_robotConfig.cmake
[0.308s] -- Up-to-date symlink: /home/robot/project_ws/install/project_robot/share/project_robot/cmake/project_robotConfig-version.cmake
[0.308s] -- Up-to-date symlink: /home/robot/project_ws/install/project_robot/share/project_robot/package.xml
[0.311s] Invoked command in '/home/robot/project_ws/build/project_robot' returned '0': CMAKE_PREFIX_PATH=${CMAKE_PREFIX_PATH}:/opt/ros/humble /usr/bin/cmake --install /home/robot/project_ws/build/project_robot
