[0.013s] Invoking command in '/home/robot/project_ws/build/project_robot': CMAKE_PREFIX_PATH=/opt/ros/humble /usr/bin/cmake /home/robot/project_ws/src/project_robot -DCMAKE_INSTALL_PREFIX=/home/robot/project_ws/install/project_robot
[0.052s] -- Found ament_cmake: 1.3.9 (/opt/ros/humble/share/ament_cmake/cmake)
[0.191s] -- Override CMake install command with custom implementation using symlinks instead of copying resources
[0.254s] -- Found ament_lint_auto: 0.12.11 (/opt/ros/humble/share/ament_lint_auto/cmake)
[0.365s] -- Added test 'copyright' to check source files copyright and LICENSE
[0.402s] -- Added test 'cppcheck' to perform static code analysis on C / C++ code
[0.402s] -- Configured cppcheck include dirs: 
[0.403s] -- Configured cppcheck exclude dirs and/or files: 
[0.424s] -- Added test 'cpplint' to check C / C++ code against the Google style
[0.424s] -- Configured cpplint exclude dirs and/or files: 
[0.427s] -- Added test 'flake8' to check Python code syntax and style conventions
[0.432s] -- Added test 'lint_cmake' to check CMake code style
[0.435s] -- Added test 'pep257' to check Python code against some of the docstring style conventions in PEP 257
[0.455s] -- Added test 'uncrustify' to check C / C++ code style
[0.455s] -- Configured uncrustify additional arguments: 
[0.458s] -- Added test 'xmllint' to check XML markup files
[0.460s] -- Configuring done
[0.466s] -- Generating done
[0.467s] -- Build files have been written to: /home/robot/project_ws/build/project_robot
[0.470s] Invoked command in '/home/robot/project_ws/build/project_robot' returned '0': CMAKE_PREFIX_PATH=/opt/ros/humble /usr/bin/cmake /home/robot/project_ws/src/project_robot -DCMAKE_INSTALL_PREFIX=/home/robot/project_ws/install/project_robot
[0.473s] Invoking command in '/home/robot/project_ws/build/project_robot': CMAKE_PREFIX_PATH=/opt/ros/humble /usr/bin/cmake --build /home/robot/project_ws/build/project_robot -- -j12 -l12
[0.510s] Invoked command in '/home/robot/project_ws/build/project_robot' returned '0': CMAKE_PREFIX_PATH=/opt/ros/humble /usr/bin/cmake --build /home/robot/project_ws/build/project_robot -- -j12 -l12
[0.549s] Invoking command in '/home/robot/project_ws/build/project_robot': CMAKE_PREFIX_PATH=/opt/ros/humble /usr/bin/cmake --install /home/robot/project_ws/build/project_robot
[0.558s] -- Install configuration: ""
[0.559s] -- Execute custom install script
[0.560s] -- Up-to-date symlink: /home/robot/project_ws/install/project_robot/share/project_robot/config/Robot_simp.rviz
[0.560s] -- Up-to-date symlink: /home/robot/project_ws/install/project_robot/share/project_robot/config/empty.yaml
[0.560s] -- Up-to-date symlink: /home/robot/project_ws/install/project_robot/share/project_robot/description/camera.xacro
[0.561s] -- Up-to-date symlink: /home/robot/project_ws/install/project_robot/share/project_robot/description/gazebo_control.xacro
[0.561s] -- Up-to-date symlink: /home/robot/project_ws/install/project_robot/share/project_robot/description/inertial_macros.xacro
[0.562s] -- Up-to-date symlink: /home/robot/project_ws/install/project_robot/share/project_robot/description/lidar.xacro
[0.562s] -- Up-to-date symlink: /home/robot/project_ws/install/project_robot/share/project_robot/description/robot.urdf.xacro
[0.562s] -- Up-to-date symlink: /home/robot/project_ws/install/project_robot/share/project_robot/description/robot_core.xacro
[0.562s] -- Up-to-date symlink: /home/robot/project_ws/install/project_robot/share/project_robot/launch/launch_sim.launch.py
[0.563s] -- Up-to-date symlink: /home/robot/project_ws/install/project_robot/share/project_robot/launch/rsp.launch.py
[0.563s] -- Up-to-date symlink: /home/robot/project_ws/install/project_robot/share/project_robot/worlds/empty.world
[0.563s] -- Up-to-date symlink: /home/robot/project_ws/install/project_robot/share/ament_index/resource_index/package_run_dependencies/project_robot
[0.564s] -- Up-to-date symlink: /home/robot/project_ws/install/project_robot/share/ament_index/resource_index/parent_prefix_path/project_robot
[0.564s] -- Up-to-date symlink: /home/robot/project_ws/install/project_robot/share/project_robot/environment/ament_prefix_path.sh
[0.564s] -- Up-to-date symlink: /home/robot/project_ws/install/project_robot/share/project_robot/environment/ament_prefix_path.dsv
[0.565s] -- Up-to-date symlink: /home/robot/project_ws/install/project_robot/share/project_robot/environment/path.sh
[0.565s] -- Up-to-date symlink: /home/robot/project_ws/install/project_robot/share/project_robot/environment/path.dsv
[0.565s] -- Up-to-date symlink: /home/robot/project_ws/install/project_robot/share/project_robot/local_setup.bash
[0.566s] -- Up-to-date symlink: /home/robot/project_ws/install/project_robot/share/project_robot/local_setup.sh
[0.566s] -- Up-to-date symlink: /home/robot/project_ws/install/project_robot/share/project_robot/local_setup.zsh
[0.566s] -- Up-to-date symlink: /home/robot/project_ws/install/project_robot/share/project_robot/local_setup.dsv
[0.566s] -- Symlinking: /home/robot/project_ws/install/project_robot/share/project_robot/package.dsv
[0.578s] -- Up-to-date symlink: /home/robot/project_ws/install/project_robot/share/ament_index/resource_index/packages/project_robot
[0.578s] -- Up-to-date symlink: /home/robot/project_ws/install/project_robot/share/project_robot/cmake/project_robotConfig.cmake
[0.579s] -- Up-to-date symlink: /home/robot/project_ws/install/project_robot/share/project_robot/cmake/project_robotConfig-version.cmake
[0.579s] -- Up-to-date symlink: /home/robot/project_ws/install/project_robot/share/project_robot/package.xml
[0.581s] Invoked command in '/home/robot/project_ws/build/project_robot' returned '0': CMAKE_PREFIX_PATH=/opt/ros/humble /usr/bin/cmake --install /home/robot/project_ws/build/project_robot
