[0.211s] DEBUG:colcon:Command line arguments: ['/usr/bin/colcon', 'build', '--symlink-install']
[0.211s] DEBUG:colcon:Parsed command line arguments: Namespace(log_base=None, log_level=None, verb_name='build', build_base='build', install_base='install', merge_install=False, symlink_install=True, test_result_base=None, continue_on_error=False, executor='parallel', parallel_workers=12, event_handlers=None, ignore_user_meta=False, metas=['./colcon.meta'], base_paths=['.'], packages_ignore=None, packages_ignore_regex=None, paths=None, packages_up_to=None, packages_up_to_regex=None, packages_above=None, packages_above_and_dependencies=None, packages_above_depth=None, packages_select_by_dep=None, packages_skip_by_dep=None, packages_skip_up_to=None, packages_select_build_failed=False, packages_skip_build_finished=False, packages_select_test_failures=False, packages_skip_test_passed=False, packages_select=None, packages_skip=None, packages_select_regex=None, packages_skip_regex=None, packages_start=None, packages_end=None, allow_overriding=[], cmake_args=None, cmake_target=None, cmake_target_skip_unavailable=False, cmake_clean_cache=False, cmake_clean_first=False, cmake_force_configure=False, ament_cmake_args=None, catkin_cmake_args=None, catkin_skip_building_tests=False, mixin_files=None, mixin=None, verb_parser=<colcon_mixin.mixin.mixin_argument.MixinArgumentDecorator object at 0x78752f12e7d0>, verb_extension=<colcon_core.verb.build.BuildVerb object at 0x78752f24ed40>, main=<bound method BuildVerb.main of <colcon_core.verb.build.BuildVerb object at 0x78752f24ed40>>, mixin_verb=('build',))
[0.407s] Level 1:colcon.colcon_core.package_discovery:discover_packages(colcon_meta) check parameters
[0.407s] Level 1:colcon.colcon_core.package_discovery:discover_packages(recursive) check parameters
[0.408s] Level 1:colcon.colcon_core.package_discovery:discover_packages(ignore) check parameters
[0.408s] Level 1:colcon.colcon_core.package_discovery:discover_packages(path) check parameters
[0.408s] Level 1:colcon.colcon_core.package_discovery:discover_packages(colcon_meta) discover
[0.408s] Level 1:colcon.colcon_core.package_discovery:discover_packages(recursive) discover
[0.408s] INFO:colcon.colcon_core.package_discovery:Crawling recursively for packages in '/home/robot/project_ws/src'
[0.408s] Level 1:colcon.colcon_core.package_identification:_identify(.) by extensions ['ignore', 'ignore_ament_install']
[0.408s] Level 1:colcon.colcon_core.package_identification:_identify(.) by extension 'ignore'
[0.408s] Level 1:colcon.colcon_core.package_identification:_identify(.) by extension 'ignore_ament_install'
[0.408s] Level 1:colcon.colcon_core.package_identification:_identify(.) by extensions ['colcon_pkg']
[0.408s] Level 1:colcon.colcon_core.package_identification:_identify(.) by extension 'colcon_pkg'
[0.408s] Level 1:colcon.colcon_core.package_identification:_identify(.) by extensions ['colcon_meta']
[0.408s] Level 1:colcon.colcon_core.package_identification:_identify(.) by extension 'colcon_meta'
[0.408s] Level 1:colcon.colcon_core.package_identification:_identify(.) by extensions ['ros']
[0.408s] Level 1:colcon.colcon_core.package_identification:_identify(.) by extension 'ros'
[0.417s] Level 1:colcon.colcon_core.package_identification:_identify(.) by extensions ['cmake', 'python']
[0.417s] Level 1:colcon.colcon_core.package_identification:_identify(.) by extension 'cmake'
[0.417s] Level 1:colcon.colcon_core.package_identification:_identify(.) by extension 'python'
[0.417s] Level 1:colcon.colcon_core.package_identification:_identify(.) by extensions ['python_setup_py']
[0.417s] Level 1:colcon.colcon_core.package_identification:_identify(.) by extension 'python_setup_py'
[0.417s] Level 1:colcon.colcon_core.package_identification:_identify(build) by extensions ['ignore', 'ignore_ament_install']
[0.418s] Level 1:colcon.colcon_core.package_identification:_identify(build) by extension 'ignore'
[0.418s] Level 1:colcon.colcon_core.package_identification:_identify(build) ignored
[0.418s] Level 1:colcon.colcon_core.package_identification:_identify(install) by extensions ['ignore', 'ignore_ament_install']
[0.418s] Level 1:colcon.colcon_core.package_identification:_identify(install) by extension 'ignore'
[0.418s] Level 1:colcon.colcon_core.package_identification:_identify(install) ignored
[0.418s] Level 1:colcon.colcon_core.package_identification:_identify(log) by extensions ['ignore', 'ignore_ament_install']
[0.418s] Level 1:colcon.colcon_core.package_identification:_identify(log) by extension 'ignore'
[0.418s] Level 1:colcon.colcon_core.package_identification:_identify(log) ignored
[0.418s] Level 1:colcon.colcon_core.package_identification:_identify(project_robot) by extensions ['ignore', 'ignore_ament_install']
[0.418s] Level 1:colcon.colcon_core.package_identification:_identify(project_robot) by extension 'ignore'
[0.418s] Level 1:colcon.colcon_core.package_identification:_identify(project_robot) by extension 'ignore_ament_install'
[0.418s] Level 1:colcon.colcon_core.package_identification:_identify(project_robot) by extensions ['colcon_pkg']
[0.418s] Level 1:colcon.colcon_core.package_identification:_identify(project_robot) by extension 'colcon_pkg'
[0.418s] Level 1:colcon.colcon_core.package_identification:_identify(project_robot) by extensions ['colcon_meta']
[0.418s] Level 1:colcon.colcon_core.package_identification:_identify(project_robot) by extension 'colcon_meta'
[0.418s] Level 1:colcon.colcon_core.package_identification:_identify(project_robot) by extensions ['ros']
[0.418s] Level 1:colcon.colcon_core.package_identification:_identify(project_robot) by extension 'ros'
[0.420s] DEBUG:colcon.colcon_core.package_identification:Package 'project_robot' with type 'ros.ament_cmake' and name 'project_robot'
[0.420s] Level 1:colcon.colcon_core.package_discovery:discover_packages(recursive) using defaults
[0.420s] Level 1:colcon.colcon_core.package_discovery:discover_packages(ignore) discover
[0.421s] Level 1:colcon.colcon_core.package_discovery:discover_packages(ignore) using defaults
[0.421s] Level 1:colcon.colcon_core.package_discovery:discover_packages(path) discover
[0.421s] Level 1:colcon.colcon_core.package_discovery:discover_packages(path) using defaults
[0.448s] Level 1:colcon.colcon_core.package_discovery:discover_packages(prefix_path) check parameters
[0.448s] Level 1:colcon.colcon_core.package_discovery:discover_packages(prefix_path) discover
[0.451s] DEBUG:colcon.colcon_installed_package_information.package_discovery:Found 297 installed packages in /opt/ros/humble
[0.452s] Level 1:colcon.colcon_core.package_discovery:discover_packages(prefix_path) using defaults
[0.487s] Level 5:colcon.colcon_core.verb:set package 'project_robot' build argument 'cmake_args' from command line to 'None'
[0.488s] Level 5:colcon.colcon_core.verb:set package 'project_robot' build argument 'cmake_target' from command line to 'None'
[0.488s] Level 5:colcon.colcon_core.verb:set package 'project_robot' build argument 'cmake_target_skip_unavailable' from command line to 'False'
[0.488s] Level 5:colcon.colcon_core.verb:set package 'project_robot' build argument 'cmake_clean_cache' from command line to 'False'
[0.488s] Level 5:colcon.colcon_core.verb:set package 'project_robot' build argument 'cmake_clean_first' from command line to 'False'
[0.488s] Level 5:colcon.colcon_core.verb:set package 'project_robot' build argument 'cmake_force_configure' from command line to 'False'
[0.488s] Level 5:colcon.colcon_core.verb:set package 'project_robot' build argument 'ament_cmake_args' from command line to 'None'
[0.488s] Level 5:colcon.colcon_core.verb:set package 'project_robot' build argument 'catkin_cmake_args' from command line to 'None'
[0.488s] Level 5:colcon.colcon_core.verb:set package 'project_robot' build argument 'catkin_skip_building_tests' from command line to 'False'
[0.488s] DEBUG:colcon.colcon_core.verb:Building package 'project_robot' with the following arguments: {'ament_cmake_args': None, 'build_base': '/home/robot/project_ws/src/build/project_robot', 'catkin_cmake_args': None, 'catkin_skip_building_tests': False, 'cmake_args': None, 'cmake_clean_cache': False, 'cmake_clean_first': False, 'cmake_force_configure': False, 'cmake_target': None, 'cmake_target_skip_unavailable': False, 'install_base': '/home/robot/project_ws/src/install/project_robot', 'merge_install': False, 'path': '/home/robot/project_ws/src/project_robot', 'symlink_install': True, 'test_result_base': None}
[0.488s] INFO:colcon.colcon_core.executor:Executing jobs using 'parallel' executor
[0.489s] DEBUG:colcon.colcon_parallel_executor.executor.parallel:run_until_complete
[0.489s] INFO:colcon.colcon_ros.task.ament_cmake.build:Building ROS package in '/home/robot/project_ws/src/project_robot' with build type 'ament_cmake'
[0.489s] INFO:colcon.colcon_cmake.task.cmake.build:Building CMake package in '/home/robot/project_ws/src/project_robot'
[0.492s] INFO:colcon.colcon_core.plugin_system:Skipping extension 'colcon_core.shell.bat': Not used on non-Windows systems
[0.492s] INFO:colcon.colcon_core.shell:Skip shell extension 'powershell' for command environment: Not usable outside of PowerShell
[0.492s] DEBUG:colcon.colcon_core.shell:Skip shell extension 'dsv' for command environment
[0.498s] DEBUG:colcon.colcon_core.event_handler.log_command:Invoking command in '/home/robot/project_ws/src/build/project_robot': CMAKE_PREFIX_PATH=/opt/ros/humble /usr/bin/cmake /home/robot/project_ws/src/project_robot -DAMENT_CMAKE_SYMLINK_INSTALL=1 -DCMAKE_INSTALL_PREFIX=/home/robot/project_ws/src/install/project_robot
[1.166s] DEBUG:colcon.colcon_core.event_handler.log_command:Invoked command in '/home/robot/project_ws/src/build/project_robot' returned '0': CMAKE_PREFIX_PATH=/opt/ros/humble /usr/bin/cmake /home/robot/project_ws/src/project_robot -DAMENT_CMAKE_SYMLINK_INSTALL=1 -DCMAKE_INSTALL_PREFIX=/home/robot/project_ws/src/install/project_robot
[1.168s] DEBUG:colcon.colcon_core.event_handler.log_command:Invoking command in '/home/robot/project_ws/src/build/project_robot': CMAKE_PREFIX_PATH=/opt/ros/humble /usr/bin/cmake --build /home/robot/project_ws/src/build/project_robot -- -j12 -l12
[1.195s] DEBUG:colcon.colcon_core.event_handler.log_command:Invoked command in '/home/robot/project_ws/src/build/project_robot' returned '0': CMAKE_PREFIX_PATH=/opt/ros/humble /usr/bin/cmake --build /home/robot/project_ws/src/build/project_robot -- -j12 -l12
[1.217s] DEBUG:colcon.colcon_core.event_handler.log_command:Invoking command in '/home/robot/project_ws/src/build/project_robot': CMAKE_PREFIX_PATH=/opt/ros/humble /usr/bin/cmake --install /home/robot/project_ws/src/build/project_robot
[1.361s] Level 1:colcon.colcon_core.environment:create_environment_scripts_only(project_robot)
[1.362s] DEBUG:colcon.colcon_core.event_handler.log_command:Invoked command in '/home/robot/project_ws/src/build/project_robot' returned '0': CMAKE_PREFIX_PATH=/opt/ros/humble /usr/bin/cmake --install /home/robot/project_ws/src/build/project_robot
[1.379s] Level 1:colcon.colcon_core.environment:checking '/home/robot/project_ws/src/install/project_robot' for CMake module files
[1.380s] Level 1:colcon.colcon_core.environment:checking '/home/robot/project_ws/src/install/project_robot' for CMake config files
[1.381s] Level 1:colcon.colcon_core.shell:create_environment_hook('project_robot', 'cmake_prefix_path')
[1.382s] INFO:colcon.colcon_core.shell:Creating environment hook '/home/robot/project_ws/src/install/project_robot/share/project_robot/hook/cmake_prefix_path.ps1'
[1.384s] INFO:colcon.colcon_core.shell:Creating environment descriptor '/home/robot/project_ws/src/install/project_robot/share/project_robot/hook/cmake_prefix_path.dsv'
[1.385s] INFO:colcon.colcon_core.shell:Creating environment hook '/home/robot/project_ws/src/install/project_robot/share/project_robot/hook/cmake_prefix_path.sh'
[1.388s] Level 1:colcon.colcon_core.environment:checking '/home/robot/project_ws/src/install/project_robot/bin'
[1.388s] Level 1:colcon.colcon_core.environment:checking '/home/robot/project_ws/src/install/project_robot/lib/pkgconfig/project_robot.pc'
[1.389s] Level 1:colcon.colcon_core.environment:checking '/home/robot/project_ws/src/install/project_robot/lib/python3.10/site-packages'
[1.390s] Level 1:colcon.colcon_core.environment:checking '/home/robot/project_ws/src/install/project_robot/bin'
[1.391s] INFO:colcon.colcon_core.shell:Creating package script '/home/robot/project_ws/src/install/project_robot/share/project_robot/package.ps1'
[1.394s] INFO:colcon.colcon_core.shell:Creating package descriptor '/home/robot/project_ws/src/install/project_robot/share/project_robot/package.dsv'
[1.395s] INFO:colcon.colcon_core.shell:Creating package script '/home/robot/project_ws/src/install/project_robot/share/project_robot/package.sh'
[1.398s] INFO:colcon.colcon_core.shell:Creating package script '/home/robot/project_ws/src/install/project_robot/share/project_robot/package.bash'
[1.400s] INFO:colcon.colcon_core.shell:Creating package script '/home/robot/project_ws/src/install/project_robot/share/project_robot/package.zsh'
[1.403s] Level 1:colcon.colcon_core.environment:create_file_with_runtime_dependencies(/home/robot/project_ws/src/install/project_robot/share/colcon-core/packages/project_robot)
[1.443s] Level 1:colcon.colcon_core.environment:create_environment_scripts_only(project_robot)
[1.444s] Level 1:colcon.colcon_core.environment:checking '/home/robot/project_ws/src/install/project_robot' for CMake module files
[1.445s] Level 1:colcon.colcon_core.environment:checking '/home/robot/project_ws/src/install/project_robot' for CMake config files
[1.446s] Level 1:colcon.colcon_core.shell:create_environment_hook('project_robot', 'cmake_prefix_path')
[1.446s] INFO:colcon.colcon_core.shell:Creating environment hook '/home/robot/project_ws/src/install/project_robot/share/project_robot/hook/cmake_prefix_path.ps1'
[1.447s] INFO:colcon.colcon_core.shell:Creating environment descriptor '/home/robot/project_ws/src/install/project_robot/share/project_robot/hook/cmake_prefix_path.dsv'
[1.448s] INFO:colcon.colcon_core.shell:Creating environment hook '/home/robot/project_ws/src/install/project_robot/share/project_robot/hook/cmake_prefix_path.sh'
[1.449s] Level 1:colcon.colcon_core.environment:checking '/home/robot/project_ws/src/install/project_robot/bin'
[1.449s] Level 1:colcon.colcon_core.environment:checking '/home/robot/project_ws/src/install/project_robot/lib/pkgconfig/project_robot.pc'
[1.449s] Level 1:colcon.colcon_core.environment:checking '/home/robot/project_ws/src/install/project_robot/lib/python3.10/site-packages'
[1.450s] Level 1:colcon.colcon_core.environment:checking '/home/robot/project_ws/src/install/project_robot/bin'
[1.451s] INFO:colcon.colcon_core.shell:Creating package script '/home/robot/project_ws/src/install/project_robot/share/project_robot/package.ps1'
[1.452s] INFO:colcon.colcon_core.shell:Creating package descriptor '/home/robot/project_ws/src/install/project_robot/share/project_robot/package.dsv'
[1.453s] INFO:colcon.colcon_core.shell:Creating package script '/home/robot/project_ws/src/install/project_robot/share/project_robot/package.sh'
[1.453s] INFO:colcon.colcon_core.shell:Creating package script '/home/robot/project_ws/src/install/project_robot/share/project_robot/package.bash'
[1.454s] INFO:colcon.colcon_core.shell:Creating package script '/home/robot/project_ws/src/install/project_robot/share/project_robot/package.zsh'
[1.455s] Level 1:colcon.colcon_core.environment:create_file_with_runtime_dependencies(/home/robot/project_ws/src/install/project_robot/share/colcon-core/packages/project_robot)
[1.455s] DEBUG:colcon.colcon_parallel_executor.executor.parallel:closing loop
[1.456s] DEBUG:colcon.colcon_parallel_executor.executor.parallel:loop closed
[1.456s] DEBUG:colcon.colcon_parallel_executor.executor.parallel:run_until_complete finished with '0'
[1.456s] DEBUG:colcon.colcon_core.event_reactor:joining thread
[1.469s] INFO:colcon.colcon_core.plugin_system:Skipping extension 'colcon_notification.desktop_notification.terminal_notifier': Not used on non-Darwin systems
[1.469s] INFO:colcon.colcon_core.plugin_system:Skipping extension 'colcon_notification.desktop_notification.win32': Not used on non-Windows systems
[1.469s] INFO:colcon.colcon_notification.desktop_notification:Sending desktop notification using 'notify2'
[1.505s] DEBUG:colcon.colcon_core.event_reactor:joined thread
[1.505s] INFO:colcon.colcon_core.shell:Creating prefix script '/home/robot/project_ws/src/install/local_setup.ps1'
[1.507s] INFO:colcon.colcon_core.shell:Creating prefix util module '/home/robot/project_ws/src/install/_local_setup_util_ps1.py'
[1.510s] INFO:colcon.colcon_core.shell:Creating prefix chain script '/home/robot/project_ws/src/install/setup.ps1'
[1.512s] INFO:colcon.colcon_core.shell:Creating prefix script '/home/robot/project_ws/src/install/local_setup.sh'
[1.513s] INFO:colcon.colcon_core.shell:Creating prefix util module '/home/robot/project_ws/src/install/_local_setup_util_sh.py'
[1.514s] INFO:colcon.colcon_core.shell:Creating prefix chain script '/home/robot/project_ws/src/install/setup.sh'
[1.515s] INFO:colcon.colcon_core.shell:Creating prefix script '/home/robot/project_ws/src/install/local_setup.bash'
[1.516s] INFO:colcon.colcon_core.shell:Creating prefix chain script '/home/robot/project_ws/src/install/setup.bash'
[1.517s] INFO:colcon.colcon_core.shell:Creating prefix script '/home/robot/project_ws/src/install/local_setup.zsh'
[1.518s] INFO:colcon.colcon_core.shell:Creating prefix chain script '/home/robot/project_ws/src/install/setup.zsh'
