[0.009s] Invoking command in '/home/robot/project_ws/build/project_robot': CMAKE_PREFIX_PATH=${CMAKE_PREFIX_PATH}:/opt/ros/humble /usr/bin/cmake --build /home/robot/project_ws/build/project_robot -- -j12 -l12
[0.036s] Invoked command in '/home/robot/project_ws/build/project_robot' returned '0': CMAKE_PREFIX_PATH=${CMAKE_PREFIX_PATH}:/opt/ros/humble /usr/bin/cmake --build /home/robot/project_ws/build/project_robot -- -j12 -l12
[0.058s] Invoking command in '/home/robot/project_ws/build/project_robot': CMAKE_PREFIX_PATH=${CMAKE_PREFIX_PATH}:/opt/ros/humble /usr/bin/cmake --install /home/robot/project_ws/build/project_robot
[0.063s] -- Install configuration: ""
[0.064s] -- Execute custom install script
[0.064s] -- Up-to-date symlink: /home/robot/project_ws/install/project_robot/share/project_robot/config/Robot_simp.rviz
[0.064s] -- Up-to-date symlink: /home/robot/project_ws/install/project_robot/share/project_robot/config/empty.yaml
[0.065s] -- Up-to-date symlink: /home/robot/project_ws/install/project_robot/share/project_robot/description/camera.xacro
[0.065s] -- Up-to-date symlink: /home/robot/project_ws/install/project_robot/share/project_robot/description/gazebo_control.xacro
[0.065s] -- Up-to-date symlink: /home/robot/project_ws/install/project_robot/share/project_robot/description/inertial_macros.xacro
[0.065s] -- Up-to-date symlink: /home/robot/project_ws/install/project_robot/share/project_robot/description/lidar.xacro
[0.065s] -- Up-to-date symlink: /home/robot/project_ws/install/project_robot/share/project_robot/description/robot.urdf.xacro
[0.065s] -- Up-to-date symlink: /home/robot/project_ws/install/project_robot/share/project_robot/description/robot_core.xacro
[0.066s] -- Up-to-date symlink: /home/robot/project_ws/install/project_robot/share/project_robot/launch/launch_sim.launch.py
[0.066s] -- Up-to-date symlink: /home/robot/project_ws/install/project_robot/share/project_robot/launch/rsp.launch.py
[0.066s] -- Up-to-date symlink: /home/robot/project_ws/install/project_robot/share/project_robot/worlds/empty.world
[0.066s] -- Up-to-date symlink: /home/robot/project_ws/install/project_robot/share/ament_index/resource_index/package_run_dependencies/project_robot
[0.066s] -- Up-to-date symlink: /home/robot/project_ws/install/project_robot/share/ament_index/resource_index/parent_prefix_path/project_robot
[0.067s] -- Up-to-date symlink: /home/robot/project_ws/install/project_robot/share/project_robot/environment/ament_prefix_path.sh
[0.067s] -- Up-to-date symlink: /home/robot/project_ws/install/project_robot/share/project_robot/environment/ament_prefix_path.dsv
[0.067s] -- Up-to-date symlink: /home/robot/project_ws/install/project_robot/share/project_robot/environment/path.sh
[0.067s] -- Up-to-date symlink: /home/robot/project_ws/install/project_robot/share/project_robot/environment/path.dsv
[0.067s] -- Up-to-date symlink: /home/robot/project_ws/install/project_robot/share/project_robot/local_setup.bash
[0.068s] -- Up-to-date symlink: /home/robot/project_ws/install/project_robot/share/project_robot/local_setup.sh
[0.068s] -- Up-to-date symlink: /home/robot/project_ws/install/project_robot/share/project_robot/local_setup.zsh
[0.068s] -- Up-to-date symlink: /home/robot/project_ws/install/project_robot/share/project_robot/local_setup.dsv
[0.068s] -- Symlinking: /home/robot/project_ws/install/project_robot/share/project_robot/package.dsv
[0.075s] -- Up-to-date symlink: /home/robot/project_ws/install/project_robot/share/ament_index/resource_index/packages/project_robot
[0.075s] -- Up-to-date symlink: /home/robot/project_ws/install/project_robot/share/project_robot/cmake/project_robotConfig.cmake
[0.075s] -- Up-to-date symlink: /home/robot/project_ws/install/project_robot/share/project_robot/cmake/project_robotConfig-version.cmake
[0.075s] -- Up-to-date symlink: /home/robot/project_ws/install/project_robot/share/project_robot/package.xml
[0.078s] Invoked command in '/home/robot/project_ws/build/project_robot' returned '0': CMAKE_PREFIX_PATH=${CMAKE_PREFIX_PATH}:/opt/ros/humble /usr/bin/cmake --install /home/robot/project_ws/build/project_robot
