[0.011s] Invoking command in '/home/robot/project_ws/build/project_robot': CMAKE_PREFIX_PATH=${CMAKE_PREFIX_PATH}:/opt/ros/humble /usr/bin/cmake --build /home/robot/project_ws/build/project_robot -- -j12 -l12
[0.042s] Invoked command in '/home/robot/project_ws/build/project_robot' returned '0': CMAKE_PREFIX_PATH=${CMAKE_PREFIX_PATH}:/opt/ros/humble /usr/bin/cmake --build /home/robot/project_ws/build/project_robot -- -j12 -l12
[0.070s] Invoking command in '/home/robot/project_ws/build/project_robot': CMAKE_PREFIX_PATH=${CMAKE_PREFIX_PATH}:/opt/ros/humble /usr/bin/cmake --install /home/robot/project_ws/build/project_robot
[0.079s] -- Install configuration: ""
[0.080s] -- Execute custom install script
[0.081s] -- Up-to-date symlink: /home/robot/project_ws/install/project_robot/share/project_robot/config/empty.yaml
[0.081s] -- Up-to-date symlink: /home/robot/project_ws/install/project_robot/share/project_robot/description/robot.urdf.xacro
[0.081s] -- Up-to-date symlink: /home/robot/project_ws/install/project_robot/share/project_robot/description/robot_core.xacro
[0.081s] -- Up-to-date symlink: /home/robot/project_ws/install/project_robot/share/project_robot/launch/rsp.launch.py
[0.082s] -- Up-to-date symlink: /home/robot/project_ws/install/project_robot/share/project_robot/worlds/empty.world
[0.082s] -- Up-to-date symlink: /home/robot/project_ws/install/project_robot/share/ament_index/resource_index/package_run_dependencies/project_robot
[0.082s] -- Up-to-date symlink: /home/robot/project_ws/install/project_robot/share/ament_index/resource_index/parent_prefix_path/project_robot
[0.083s] -- Up-to-date symlink: /home/robot/project_ws/install/project_robot/share/project_robot/environment/ament_prefix_path.sh
[0.083s] -- Up-to-date symlink: /home/robot/project_ws/install/project_robot/share/project_robot/environment/ament_prefix_path.dsv
[0.083s] -- Up-to-date symlink: /home/robot/project_ws/install/project_robot/share/project_robot/environment/path.sh
[0.083s] -- Up-to-date symlink: /home/robot/project_ws/install/project_robot/share/project_robot/environment/path.dsv
[0.084s] -- Up-to-date symlink: /home/robot/project_ws/install/project_robot/share/project_robot/local_setup.bash
[0.084s] -- Up-to-date symlink: /home/robot/project_ws/install/project_robot/share/project_robot/local_setup.sh
[0.084s] -- Up-to-date symlink: /home/robot/project_ws/install/project_robot/share/project_robot/local_setup.zsh
[0.084s] -- Up-to-date symlink: /home/robot/project_ws/install/project_robot/share/project_robot/local_setup.dsv
[0.085s] -- Symlinking: /home/robot/project_ws/install/project_robot/share/project_robot/package.dsv
[0.092s] -- Up-to-date symlink: /home/robot/project_ws/install/project_robot/share/ament_index/resource_index/packages/project_robot
[0.093s] -- Up-to-date symlink: /home/robot/project_ws/install/project_robot/share/project_robot/cmake/project_robotConfig.cmake
[0.093s] -- Up-to-date symlink: /home/robot/project_ws/install/project_robot/share/project_robot/cmake/project_robotConfig-version.cmake
[0.093s] -- Up-to-date symlink: /home/robot/project_ws/install/project_robot/share/project_robot/package.xml
[0.095s] Invoked command in '/home/robot/project_ws/build/project_robot' returned '0': CMAKE_PREFIX_PATH=${CMAKE_PREFIX_PATH}:/opt/ros/humble /usr/bin/cmake --install /home/robot/project_ws/build/project_robot
